[2023-08-23T23:55:15.521255+00:00] main.INFO: Cron Job indexer_reindex_all_invalid is run [] []
[2023-08-23T23:55:15.792583+00:00] main.INFO: Cron Job indexer_reindex_all_invalid is successfully finished. Statistics: {"sum":0.27188205718994,"count":1,"realmem":0,"emalloc":586888,"realmem_start":117440512,"emalloc_start":113977936} [] []
[2023-08-23T23:55:15.827183+00:00] main.INFO: Cron Job indexer_update_all_views is run [] []
[2023-08-23T23:55:16.194857+00:00] main.INFO: Cron Job indexer_update_all_views is successfully finished. Statistics: {"sum":0.36779499053955,"count":1,"realmem":2097152,"emalloc":325640,"realmem_start":117440512,"emalloc_start":114568184} [] []
[2023-08-23T23:55:23.523636+00:00] main.INFO: Cron Job consumers_runner is run [] []
[2023-08-24T00:05:51.482088+00:00] main.INFO: Cron Job indexer_reindex_all_invalid is run [] []
[2023-08-24T00:05:51.612552+00:00] main.INFO: Cron Job indexer_reindex_all_invalid is successfully finished. Statistics: {"sum":0.13127613067627,"count":1,"realmem":0,"emalloc":541896,"realmem_start":117440512,"emalloc_start":113330504} [] []
[2023-08-24T00:05:51.641384+00:00] main.INFO: Cron Job indexer_update_all_views is run [] []
[2023-08-24T00:05:51.751371+00:00] main.INFO: Cron Job indexer_update_all_views is successfully finished. Statistics: {"sum":0.10990309715271,"count":1,"realmem":0,"emalloc":225000,"realmem_start":117440512,"emalloc_start":113875568} [] []
[2023-08-24T00:05:54.880599+00:00] main.INFO: Cron Job consumers_runner is run [] []
[2023-08-24T00:05:55.038137+00:00] main.INFO: Cron Job consumers_runner is successfully finished. Statistics: {"sum":0.1578049659729,"count":1,"realmem":0,"emalloc":212208,"realmem_start":117440512,"emalloc_start":113661864} [] []
[2023-08-24T00:05:58.507844+00:00] main.INFO: 0 cron jobs were cleaned [] []
[2023-08-24T00:06:05.894951+00:00] main.INFO: Cron Job catalog_product_outdated_price_values_cleanup is run [] []
[2023-08-24T00:06:06.651134+00:00] main.INFO: Cron Job catalog_product_outdated_price_values_cleanup is successfully finished. Statistics: {"sum":0.7566351890564,"count":1,"realmem":6291456,"emalloc":6947808,"realmem_start":117440512,"emalloc_start":114331184} [] []
[2023-08-24T00:06:06.734698+00:00] main.INFO: Cron Job catalog_product_frontend_actions_flush is run [] []
[2023-08-24T00:06:06.768098+00:00] main.INFO: Cron Job catalog_product_frontend_actions_flush is successfully finished. Statistics: {"sum":0.033383131027222,"count":1,"realmem":0,"emalloc":1512,"realmem_start":123731968,"emalloc_start":121310680} [] []
[2023-08-24T00:06:06.848918+00:00] main.INFO: Cron Job catalog_product_attribute_value_synchronize is run [] []
[2023-08-24T00:06:06.877650+00:00] main.INFO: Cron Job catalog_product_attribute_value_synchronize is successfully finished. Statistics: {"sum":0.028787136077881,"count":1,"realmem":0,"emalloc":25248,"realmem_start":123731968,"emalloc_start":121362104} [] []
[2023-08-24T00:06:06.956237+00:00] main.INFO: Cron Job outdated_authentication_failures_cleanup is run [] []
[2023-08-24T00:06:06.985331+00:00] main.INFO: Cron Job outdated_authentication_failures_cleanup is successfully finished. Statistics: {"sum":0.028952121734619,"count":1,"realmem":0,"emalloc":1448,"realmem_start":123731968,"emalloc_start":121415560} [] []
