2023-11-04T00:31:10+00:00 INFO (6): SELECT DISTINCT  `main_table`.`query_text`, `main_table`.`num_results`, `main_table`.`popularity` FROM `search_query` AS `main_table` WHERE (num_results > 0 AND display_in_terms = 1 AND query_text LIKE 'silli%') AND (store_id = 1) ORDER BY `popularity` DESC

2023-11-04T00:31:10+00:00 INFO (6): Array
(
    [0] => Array
        (
        )

)

2023-11-04T16:33:12+00:00 INFO (6): SELECT DISTINCT  `main_table`.`query_text`, `main_table`.`num_results`, `main_table`.`popularity` FROM `search_query` AS `main_table` WHERE (num_results > 0 AND display_in_terms = 1 AND query_text LIKE 'sfddfsf%') AND (store_id = 1) ORDER BY `popularity` DESC

2023-11-04T16:33:12+00:00 INFO (6): Array
(
    [0] => Array
        (
        )

)

2023-11-04T16:36:02+00:00 INFO (6): SELECT DISTINCT  `main_table`.`query_text`, `main_table`.`num_results`, `main_table`.`popularity` FROM `search_query` AS `main_table` WHERE (num_results > 0 AND display_in_terms = 1 AND query_text LIKE 'monitor%') AND (store_id = 1) ORDER BY `popularity` DESC

2023-11-04T16:36:02+00:00 INFO (6): Array
(
    [0] => Array
        (
        )

)

2023-11-22T17:21:35+00:00 INFO (6): SELECT DISTINCT  `main_table`.`query_text`, `main_table`.`num_results`, `main_table`.`popularity` FROM `search_query` AS `main_table` WHERE (num_results > 0 AND display_in_terms = 1 AND query_text LIKE 'lap%') AND (store_id = 1) ORDER BY `popularity` DESC

2023-11-22T17:21:35+00:00 INFO (6): Array
(
    [0] => Array
        (
        )

)

2023-11-22T17:21:38+00:00 INFO (6): SELECT DISTINCT  `main_table`.`query_text`, `main_table`.`num_results`, `main_table`.`popularity` FROM `search_query` AS `main_table` WHERE (num_results > 0 AND display_in_terms = 1 AND query_text LIKE 'mxoxoxo%') AND (store_id = 1) ORDER BY `popularity` DESC

2023-11-22T17:21:38+00:00 INFO (6): Array
(
    [0] => Array
        (
        )

)

2023-11-27T16:52:45+00:00 INFO (6): SELECT DISTINCT  `main_table`.`query_text`, `main_table`.`num_results`, `main_table`.`popularity` FROM `search_query` AS `main_table` WHERE (num_results > 0 AND display_in_terms = 1 AND query_text LIKE 'memori%') AND (store_id = 1) ORDER BY `popularity` DESC

2023-11-27T16:52:45+00:00 INFO (6): Array
(
    [0] => Array
        (
        )

)

