2023-11-04T00:31:10+00:00 INFO (6): SELECT `search_query`.* FROM `search_query` WHERE (query_text = 'silli') AND (store_id = '1') LIMIT 1
2023-11-04T16:33:08+00:00 INFO (6): SELECT `search_query`.* FROM `search_query` WHERE (query_text = 'sfddfsf') AND (store_id = '1') LIMIT 1
2023-11-04T16:33:10+00:00 INFO (6): SELECT `search_query`.* FROM `search_query` WHERE (query_text = 'sfddfsf') AND (store_id = '1') LIMIT 1
2023-11-04T16:33:12+00:00 INFO (6): SELECT `search_query`.* FROM `search_query` WHERE (query_text = 'sfddfsf') AND (store_id = '1') LIMIT 1
2023-11-04T16:33:14+00:00 INFO (6): SELECT `search_query`.* FROM `search_query` WHERE (query_text = 'sfddfsf') AND (store_id = '1') LIMIT 1
2023-11-04T16:36:00+00:00 INFO (6): SELECT `search_query`.* FROM `search_query` WHERE (query_text = 'monitor') AND (store_id = '1') LIMIT 1
2023-11-04T16:36:02+00:00 INFO (6): SELECT `search_query`.* FROM `search_query` WHERE (query_text = 'monitor') AND (store_id = '1') LIMIT 1
2023-11-04T16:36:18+00:00 INFO (6): SELECT `search_query`.* FROM `search_query` WHERE (query_text = 'monitor') AND (store_id = '1') LIMIT 1
2023-11-04T16:36:34+00:00 INFO (6): SELECT `search_query`.* FROM `search_query` WHERE (query_text = 'monitor') AND (store_id = '1') LIMIT 1
2023-11-22T17:21:35+00:00 INFO (6): SELECT `search_query`.* FROM `search_query` WHERE (query_text = 'lap') AND (store_id = '1') LIMIT 1
2023-11-22T17:21:38+00:00 INFO (6): SELECT `search_query`.* FROM `search_query` WHERE (query_text = 'mxoxoxo') AND (store_id = '1') LIMIT 1
2023-11-27T16:52:45+00:00 INFO (6): SELECT `search_query`.* FROM `search_query` WHERE (query_text = 'memori') AND (store_id = '1') LIMIT 1
2023-11-30T22:21:31+00:00 INFO (6): SELECT `search_query`.* FROM `search_query` WHERE (query_text = 'mem') AND (store_id = '1') LIMIT 1
2023-11-30T22:21:32+00:00 INFO (6): SELECT `search_query`.* FROM `search_query` WHERE (query_text = 'memoria') AND (store_id = '1') LIMIT 1
2023-11-30T22:23:46+00:00 INFO (6): SELECT `search_query`.* FROM `search_query` WHERE (query_text = 'monito') AND (store_id = '1') LIMIT 1
2023-11-30T22:23:48+00:00 INFO (6): SELECT `search_query`.* FROM `search_query` WHERE (query_text = 'monitor') AND (store_id = '1') LIMIT 1
2023-11-30T22:23:51+00:00 INFO (6): SELECT `search_query`.* FROM `search_query` WHERE (query_text = 'memo') AND (store_id = '1') LIMIT 1
2023-11-30T22:25:24+00:00 INFO (6): SELECT `search_query`.* FROM `search_query` WHERE (query_text = 'memopr') AND (store_id = '1') LIMIT 1
2023-11-30T22:25:26+00:00 INFO (6): SELECT `search_query`.* FROM `search_query` WHERE (query_text = 'memoria') AND (store_id = '1') LIMIT 1
2023-11-30T22:25:29+00:00 INFO (6): SELECT `search_query`.* FROM `search_query` WHERE (query_text = 'memo') AND (store_id = '1') LIMIT 1
2023-11-30T22:25:31+00:00 INFO (6): SELECT `search_query`.* FROM `search_query` WHERE (query_text = 'memoria') AND (store_id = '1') LIMIT 1
2023-11-30T22:26:10+00:00 INFO (6): SELECT `search_query`.* FROM `search_query` WHERE (query_text = 'memoria') AND (store_id = '1') LIMIT 1
2023-11-30T22:26:17+00:00 INFO (6): SELECT `search_query`.* FROM `search_query` WHERE (query_text = 'memoria') AND (store_id = '1') LIMIT 1
2023-11-30T22:29:43+00:00 INFO (6): SELECT `search_query`.* FROM `search_query` WHERE (query_text = 'memo') AND (store_id = '1') LIMIT 1
2023-11-30T22:29:46+00:00 INFO (6): SELECT `search_query`.* FROM `search_query` WHERE (query_text = 'memoria') AND (store_id = '1') LIMIT 1
2023-11-30T22:29:49+00:00 INFO (6): SELECT `search_query`.* FROM `search_query` WHERE (query_text = 'memoria') AND (store_id = '1') LIMIT 1
2023-11-30T22:30:29+00:00 INFO (6): SELECT `search_query`.* FROM `search_query` WHERE (query_text = 'memoria') AND (store_id = '1') LIMIT 1
2023-11-30T22:30:35+00:00 INFO (6): SELECT `search_query`.* FROM `search_query` WHERE (query_text = 'memoria') AND (store_id = '1') LIMIT 1
2023-11-30T22:33:32+00:00 INFO (6): SELECT `search_query`.* FROM `search_query` WHERE (query_text = 'memr') AND (store_id = '1') LIMIT 1
2023-11-30T23:14:22+00:00 INFO (6): SELECT `search_query`.* FROM `search_query` WHERE (query_text = 'memori') AND (store_id = '1') LIMIT 1
2023-11-30T23:14:23+00:00 INFO (6): SELECT `search_query`.* FROM `search_query` WHERE (query_text = 'memo') AND (store_id = '1') LIMIT 1
2023-11-30T23:14:24+00:00 INFO (6): SELECT `search_query`.* FROM `search_query` WHERE (query_text = 'mem') AND (store_id = '1') LIMIT 1
2023-11-30T23:14:26+00:00 INFO (6): SELECT `search_query`.* FROM `search_query` WHERE (query_text = 'memo') AND (store_id = '1') LIMIT 1
2023-11-30T23:14:26+00:00 INFO (6): SELECT `search_query`.* FROM `search_query` WHERE (query_text = 'memoria') AND (store_id = '1') LIMIT 1
2023-11-30T23:14:27+00:00 INFO (6): SELECT `search_query`.* FROM `search_query` WHERE (query_text = 'memoria') AND (store_id = '1') LIMIT 1
2023-12-01T19:01:24+00:00 INFO (6): SELECT `search_query`.* FROM `search_query` WHERE (query_text = 'memr') AND (store_id = '1') LIMIT 1
2023-12-01T19:01:25+00:00 INFO (6): SELECT `search_query`.* FROM `search_query` WHERE (query_text = 'mem') AND (store_id = '1') LIMIT 1
2023-12-01T19:01:27+00:00 INFO (6): SELECT `search_query`.* FROM `search_query` WHERE (query_text = 'memoria') AND (store_id = '1') LIMIT 1
2023-12-01T19:01:28+00:00 INFO (6): SELECT `search_query`.* FROM `search_query` WHERE (query_text = 'memoria') AND (store_id = '1') LIMIT 1
2023-12-01T21:00:54+00:00 INFO (6): SELECT `search_query`.* FROM `search_query` WHERE (query_text = 'memoria') AND (store_id = '1') LIMIT 1
2023-12-05T19:09:38+00:00 INFO (6): SELECT `search_query`.* FROM `search_query` WHERE (query_text = 'lap') AND (store_id = '1') LIMIT 1
2023-12-05T19:12:44+00:00 INFO (6): SELECT `search_query`.* FROM `search_query` WHERE (query_text = 'mono') AND (store_id = '1') LIMIT 1
2023-12-05T19:12:45+00:00 INFO (6): SELECT `search_query`.* FROM `search_query` WHERE (query_text = 'monitor') AND (store_id = '1') LIMIT 1
2023-12-05T19:29:40+00:00 INFO (6): SELECT `search_query`.* FROM `search_query` WHERE (query_text = 'mem') AND (store_id = '1') LIMIT 1
2023-12-05T19:29:42+00:00 INFO (6): SELECT `search_query`.* FROM `search_query` WHERE (query_text = 'mema') AND (store_id = '1') LIMIT 1
2023-12-05T19:30:28+00:00 INFO (6): SELECT `search_query`.* FROM `search_query` WHERE (query_text = 'mem') AND (store_id = '1') LIMIT 1
2023-12-05T19:33:36+00:00 INFO (6): SELECT `search_query`.* FROM `search_query` WHERE (query_text = 'mem') AND (store_id = '1') LIMIT 1
2023-12-05T19:52:20+00:00 INFO (6): SELECT `search_query`.* FROM `search_query` WHERE (query_text = 'mem') AND (store_id = '1') LIMIT 1
2023-12-06T00:03:55+00:00 INFO (6): SELECT `search_query`.* FROM `search_query` WHERE (query_text = 'memoria') AND (store_id = '1') LIMIT 1
2023-12-06T00:07:46+00:00 INFO (6): SELECT `search_query`.* FROM `search_query` WHERE (query_text = 'memoria') AND (store_id = '1') LIMIT 1
2023-12-09T19:21:51+00:00 INFO (6): SELECT `search_query`.* FROM `search_query` WHERE (query_text = 'moni') AND (store_id = '1') LIMIT 1
2023-12-13T16:32:22+00:00 INFO (6): SELECT `search_query`.* FROM `search_query` WHERE (query_text = 'sop') AND (store_id = '1') LIMIT 1
2023-12-13T16:32:23+00:00 INFO (6): SELECT `search_query`.* FROM `search_query` WHERE (query_text = 'soporte') AND (store_id = '1') LIMIT 1
2023-12-13T16:32:24+00:00 INFO (6): SELECT `search_query`.* FROM `search_query` WHERE (query_text = 'sop') AND (store_id = '1') LIMIT 1
2023-12-13T16:32:29+00:00 INFO (6): SELECT `search_query`.* FROM `search_query` WHERE (query_text = 'lap') AND (store_id = '1') LIMIT 1
2023-12-13T16:32:30+00:00 INFO (6): SELECT `search_query`.* FROM `search_query` WHERE (query_text = 'laptop') AND (store_id = '1') LIMIT 1
2023-12-13T16:35:19+00:00 INFO (6): SELECT `search_query`.* FROM `search_query` WHERE (query_text = 'all') AND (store_id = '1') LIMIT 1
2023-12-13T16:35:20+00:00 INFO (6): SELECT `search_query`.* FROM `search_query` WHERE (query_text = 'all¿') AND (store_id = '1') LIMIT 1
