2023-10-04T17:16:54+00:00 INFO (6): SELECT `e`.*, `price_index`.`price`, `price_index`.`tax_class_id`, `price_index`.`final_price`, IF(price_index.tier_price IS NOT NULL, LEAST(price_index.min_price, price_index.tier_price), price_index.min_price) AS `minimal_price`, `price_index`.`min_price`, `price_index`.`max_price`, `price_index`.`tier_price`, IFNULL(review_summary.reviews_count, 0) AS `reviews_count`, IFNULL(review_summary.rating_summary, 0) AS `rating_summary`, `stock_status_index`.`stock_status` AS `is_salable` FROM `catalog_product_entity` AS `e`
 INNER JOIN `catalog_product_index_price` AS `price_index` ON price_index.entity_id = e.entity_id AND price_index.customer_group_id = 0 AND price_index.website_id = '1'
 INNER JOIN `catalog_product_website` AS `product_website` ON product_website.product_id = e.entity_id AND product_website.website_id = 1
 LEFT JOIN `review_entity_summary` AS `review_summary` ON e.entity_id = review_summary.entity_pk_value AND review_summary.store_id = 1 AND review_summary.entity_type = (SELECT `review_entity`.`entity_id` FROM `review_entity` WHERE (entity_code = 'product'))
 INNER JOIN `cataloginventory_stock_status` AS `stock_status_index` ON e.entity_id = stock_status_index.product_id WHERE (stock_status_index.stock_status = 1) AND (NULL)
2023-10-04T17:33:43+00:00 INFO (6): SELECT `e`.*, `price_index`.`price`, `price_index`.`tax_class_id`, `price_index`.`final_price`, IF(price_index.tier_price IS NOT NULL, LEAST(price_index.min_price, price_index.tier_price), price_index.min_price) AS `minimal_price`, `price_index`.`min_price`, `price_index`.`max_price`, `price_index`.`tier_price`, IFNULL(review_summary.reviews_count, 0) AS `reviews_count`, IFNULL(review_summary.rating_summary, 0) AS `rating_summary`, `stock_status_index`.`stock_status` AS `is_salable` FROM `catalog_product_entity` AS `e`
 INNER JOIN `catalog_product_index_price` AS `price_index` ON price_index.entity_id = e.entity_id AND price_index.customer_group_id = 0 AND price_index.website_id = '1'
 INNER JOIN `catalog_product_website` AS `product_website` ON product_website.product_id = e.entity_id AND product_website.website_id = 1
 LEFT JOIN `review_entity_summary` AS `review_summary` ON e.entity_id = review_summary.entity_pk_value AND review_summary.store_id = 1 AND review_summary.entity_type = (SELECT `review_entity`.`entity_id` FROM `review_entity` WHERE (entity_code = 'product'))
 INNER JOIN `cataloginventory_stock_status` AS `stock_status_index` ON e.entity_id = stock_status_index.product_id WHERE (stock_status_index.stock_status = 1) AND (NULL)
2023-10-07T19:53:40+00:00 INFO (6): SELECT `e`.*, `price_index`.`price`, `price_index`.`tax_class_id`, `price_index`.`final_price`, IF(price_index.tier_price IS NOT NULL, LEAST(price_index.min_price, price_index.tier_price), price_index.min_price) AS `minimal_price`, `price_index`.`min_price`, `price_index`.`max_price`, `price_index`.`tier_price`, IFNULL(review_summary.reviews_count, 0) AS `reviews_count`, IFNULL(review_summary.rating_summary, 0) AS `rating_summary`, `stock_status_index`.`stock_status` AS `is_salable` FROM `catalog_product_entity` AS `e`
 INNER JOIN `catalog_product_index_price` AS `price_index` ON price_index.entity_id = e.entity_id AND price_index.customer_group_id = '1' AND price_index.website_id = '1'
 INNER JOIN `catalog_product_website` AS `product_website` ON product_website.product_id = e.entity_id AND product_website.website_id = 1
 LEFT JOIN `review_entity_summary` AS `review_summary` ON e.entity_id = review_summary.entity_pk_value AND review_summary.store_id = 1 AND review_summary.entity_type = (SELECT `review_entity`.`entity_id` FROM `review_entity` WHERE (entity_code = 'product'))
 INNER JOIN `cataloginventory_stock_status` AS `stock_status_index` ON e.entity_id = stock_status_index.product_id WHERE (stock_status_index.stock_status = 1) AND (NULL)
2023-10-12T18:04:48+00:00 INFO (6): SELECT `e`.*, `price_index`.`price`, `price_index`.`tax_class_id`, `price_index`.`final_price`, IF(price_index.tier_price IS NOT NULL, LEAST(price_index.min_price, price_index.tier_price), price_index.min_price) AS `minimal_price`, `price_index`.`min_price`, `price_index`.`max_price`, `price_index`.`tier_price`, IFNULL(review_summary.reviews_count, 0) AS `reviews_count`, IFNULL(review_summary.rating_summary, 0) AS `rating_summary`, `stock_status_index`.`stock_status` AS `is_salable` FROM `catalog_product_entity` AS `e`
 INNER JOIN `catalog_product_index_price` AS `price_index` ON price_index.entity_id = e.entity_id AND price_index.customer_group_id = '1' AND price_index.website_id = '1'
 INNER JOIN `catalog_product_website` AS `product_website` ON product_website.product_id = e.entity_id AND product_website.website_id = 1
 LEFT JOIN `review_entity_summary` AS `review_summary` ON e.entity_id = review_summary.entity_pk_value AND review_summary.store_id = 1 AND review_summary.entity_type = (SELECT `review_entity`.`entity_id` FROM `review_entity` WHERE (entity_code = 'product'))
 INNER JOIN `cataloginventory_stock_status` AS `stock_status_index` ON e.entity_id = stock_status_index.product_id WHERE (stock_status_index.stock_status = 1) AND (NULL)
2023-10-13T18:27:11+00:00 INFO (6): SELECT `e`.*, `price_index`.`price`, `price_index`.`tax_class_id`, `price_index`.`final_price`, IF(price_index.tier_price IS NOT NULL, LEAST(price_index.min_price, price_index.tier_price), price_index.min_price) AS `minimal_price`, `price_index`.`min_price`, `price_index`.`max_price`, `price_index`.`tier_price`, IFNULL(review_summary.reviews_count, 0) AS `reviews_count`, IFNULL(review_summary.rating_summary, 0) AS `rating_summary`, `stock_status_index`.`stock_status` AS `is_salable` FROM `catalog_product_entity` AS `e`
 INNER JOIN `catalog_product_index_price` AS `price_index` ON price_index.entity_id = e.entity_id AND price_index.customer_group_id = 0 AND price_index.website_id = '1'
 INNER JOIN `catalog_product_website` AS `product_website` ON product_website.product_id = e.entity_id AND product_website.website_id = 1
 LEFT JOIN `review_entity_summary` AS `review_summary` ON e.entity_id = review_summary.entity_pk_value AND review_summary.store_id = 1 AND review_summary.entity_type = (SELECT `review_entity`.`entity_id` FROM `review_entity` WHERE (entity_code = 'product'))
 LEFT JOIN `cataloginventory_stock_status` AS `stock_status_index` ON e.entity_id = stock_status_index.product_id WHERE (NULL)
2023-10-13T18:28:26+00:00 INFO (6): SELECT `e`.*, `price_index`.`price`, `price_index`.`tax_class_id`, `price_index`.`final_price`, IF(price_index.tier_price IS NOT NULL, LEAST(price_index.min_price, price_index.tier_price), price_index.min_price) AS `minimal_price`, `price_index`.`min_price`, `price_index`.`max_price`, `price_index`.`tier_price`, IFNULL(review_summary.reviews_count, 0) AS `reviews_count`, IFNULL(review_summary.rating_summary, 0) AS `rating_summary`, `stock_status_index`.`stock_status` AS `is_salable` FROM `catalog_product_entity` AS `e`
 INNER JOIN `catalog_product_index_price` AS `price_index` ON price_index.entity_id = e.entity_id AND price_index.customer_group_id = 0 AND price_index.website_id = '1'
 INNER JOIN `catalog_product_website` AS `product_website` ON product_website.product_id = e.entity_id AND product_website.website_id = 1
 LEFT JOIN `review_entity_summary` AS `review_summary` ON e.entity_id = review_summary.entity_pk_value AND review_summary.store_id = 1 AND review_summary.entity_type = (SELECT `review_entity`.`entity_id` FROM `review_entity` WHERE (entity_code = 'product'))
 LEFT JOIN `cataloginventory_stock_status` AS `stock_status_index` ON e.entity_id = stock_status_index.product_id WHERE (NULL)
2023-10-13T22:34:51+00:00 INFO (6): SELECT `e`.*, `price_index`.`price`, `price_index`.`tax_class_id`, `price_index`.`final_price`, IF(price_index.tier_price IS NOT NULL, LEAST(price_index.min_price, price_index.tier_price), price_index.min_price) AS `minimal_price`, `price_index`.`min_price`, `price_index`.`max_price`, `price_index`.`tier_price`, IFNULL(review_summary.reviews_count, 0) AS `reviews_count`, IFNULL(review_summary.rating_summary, 0) AS `rating_summary`, `stock_status_index`.`stock_status` AS `is_salable` FROM `catalog_product_entity` AS `e`
 INNER JOIN `catalog_product_index_price` AS `price_index` ON price_index.entity_id = e.entity_id AND price_index.customer_group_id = 0 AND price_index.website_id = '1'
 INNER JOIN `catalog_product_website` AS `product_website` ON product_website.product_id = e.entity_id AND product_website.website_id = 1
 LEFT JOIN `review_entity_summary` AS `review_summary` ON e.entity_id = review_summary.entity_pk_value AND review_summary.store_id = 1 AND review_summary.entity_type = (SELECT `review_entity`.`entity_id` FROM `review_entity` WHERE (entity_code = 'product'))
 LEFT JOIN `cataloginventory_stock_status` AS `stock_status_index` ON e.entity_id = stock_status_index.product_id WHERE (NULL)
2023-10-18T20:56:53+00:00 INFO (6): SELECT `e`.*, `price_index`.`price`, `price_index`.`tax_class_id`, `price_index`.`final_price`, IF(price_index.tier_price IS NOT NULL, LEAST(price_index.min_price, price_index.tier_price), price_index.min_price) AS `minimal_price`, `price_index`.`min_price`, `price_index`.`max_price`, `price_index`.`tier_price`, IFNULL(review_summary.reviews_count, 0) AS `reviews_count`, IFNULL(review_summary.rating_summary, 0) AS `rating_summary`, `stock_status_index`.`stock_status` AS `is_salable` FROM `catalog_product_entity` AS `e`
 INNER JOIN `catalog_product_index_price` AS `price_index` ON price_index.entity_id = e.entity_id AND price_index.customer_group_id = 0 AND price_index.website_id = '1'
 INNER JOIN `catalog_product_website` AS `product_website` ON product_website.product_id = e.entity_id AND product_website.website_id = 1
 LEFT JOIN `review_entity_summary` AS `review_summary` ON e.entity_id = review_summary.entity_pk_value AND review_summary.store_id = 1 AND review_summary.entity_type = (SELECT `review_entity`.`entity_id` FROM `review_entity` WHERE (entity_code = 'product'))
 LEFT JOIN `cataloginventory_stock_status` AS `stock_status_index` ON e.entity_id = stock_status_index.product_id WHERE (NULL)
2023-10-18T20:57:51+00:00 INFO (6): SELECT `e`.*, `price_index`.`price`, `price_index`.`tax_class_id`, `price_index`.`final_price`, IF(price_index.tier_price IS NOT NULL, LEAST(price_index.min_price, price_index.tier_price), price_index.min_price) AS `minimal_price`, `price_index`.`min_price`, `price_index`.`max_price`, `price_index`.`tier_price`, IFNULL(review_summary.reviews_count, 0) AS `reviews_count`, IFNULL(review_summary.rating_summary, 0) AS `rating_summary`, `stock_status_index`.`stock_status` AS `is_salable` FROM `catalog_product_entity` AS `e`
 INNER JOIN `catalog_product_index_price` AS `price_index` ON price_index.entity_id = e.entity_id AND price_index.customer_group_id = 0 AND price_index.website_id = '1'
 INNER JOIN `catalog_product_website` AS `product_website` ON product_website.product_id = e.entity_id AND product_website.website_id = 1
 LEFT JOIN `review_entity_summary` AS `review_summary` ON e.entity_id = review_summary.entity_pk_value AND review_summary.store_id = 1 AND review_summary.entity_type = (SELECT `review_entity`.`entity_id` FROM `review_entity` WHERE (entity_code = 'product'))
 LEFT JOIN `cataloginventory_stock_status` AS `stock_status_index` ON e.entity_id = stock_status_index.product_id WHERE (NULL)
2023-10-18T21:21:30+00:00 INFO (6): SELECT `e`.*, `price_index`.`price`, `price_index`.`tax_class_id`, `price_index`.`final_price`, IF(price_index.tier_price IS NOT NULL, LEAST(price_index.min_price, price_index.tier_price), price_index.min_price) AS `minimal_price`, `price_index`.`min_price`, `price_index`.`max_price`, `price_index`.`tier_price`, IFNULL(review_summary.reviews_count, 0) AS `reviews_count`, IFNULL(review_summary.rating_summary, 0) AS `rating_summary`, `stock_status_index`.`stock_status` AS `is_salable` FROM `catalog_product_entity` AS `e`
 INNER JOIN `catalog_product_index_price` AS `price_index` ON price_index.entity_id = e.entity_id AND price_index.customer_group_id = 0 AND price_index.website_id = '1'
 INNER JOIN `catalog_product_website` AS `product_website` ON product_website.product_id = e.entity_id AND product_website.website_id = 1
 LEFT JOIN `review_entity_summary` AS `review_summary` ON e.entity_id = review_summary.entity_pk_value AND review_summary.store_id = 1 AND review_summary.entity_type = (SELECT `review_entity`.`entity_id` FROM `review_entity` WHERE (entity_code = 'product'))
 LEFT JOIN `cataloginventory_stock_status` AS `stock_status_index` ON e.entity_id = stock_status_index.product_id WHERE (NULL)
2023-10-18T21:31:41+00:00 INFO (6): SELECT `e`.*, `price_index`.`price`, `price_index`.`tax_class_id`, `price_index`.`final_price`, IF(price_index.tier_price IS NOT NULL, LEAST(price_index.min_price, price_index.tier_price), price_index.min_price) AS `minimal_price`, `price_index`.`min_price`, `price_index`.`max_price`, `price_index`.`tier_price`, IFNULL(review_summary.reviews_count, 0) AS `reviews_count`, IFNULL(review_summary.rating_summary, 0) AS `rating_summary`, `stock_status_index`.`stock_status` AS `is_salable` FROM `catalog_product_entity` AS `e`
 INNER JOIN `catalog_product_index_price` AS `price_index` ON price_index.entity_id = e.entity_id AND price_index.customer_group_id = 0 AND price_index.website_id = '1'
 INNER JOIN `catalog_product_website` AS `product_website` ON product_website.product_id = e.entity_id AND product_website.website_id = 1
 LEFT JOIN `review_entity_summary` AS `review_summary` ON e.entity_id = review_summary.entity_pk_value AND review_summary.store_id = 1 AND review_summary.entity_type = (SELECT `review_entity`.`entity_id` FROM `review_entity` WHERE (entity_code = 'product'))
 LEFT JOIN `cataloginventory_stock_status` AS `stock_status_index` ON e.entity_id = stock_status_index.product_id WHERE (NULL)
2023-10-18T21:36:17+00:00 INFO (6): SELECT `e`.*, `price_index`.`price`, `price_index`.`tax_class_id`, `price_index`.`final_price`, IF(price_index.tier_price IS NOT NULL, LEAST(price_index.min_price, price_index.tier_price), price_index.min_price) AS `minimal_price`, `price_index`.`min_price`, `price_index`.`max_price`, `price_index`.`tier_price`, IFNULL(review_summary.reviews_count, 0) AS `reviews_count`, IFNULL(review_summary.rating_summary, 0) AS `rating_summary`, `stock_status_index`.`stock_status` AS `is_salable` FROM `catalog_product_entity` AS `e`
 INNER JOIN `catalog_product_index_price` AS `price_index` ON price_index.entity_id = e.entity_id AND price_index.customer_group_id = 0 AND price_index.website_id = '1'
 INNER JOIN `catalog_product_website` AS `product_website` ON product_website.product_id = e.entity_id AND product_website.website_id = 1
 LEFT JOIN `review_entity_summary` AS `review_summary` ON e.entity_id = review_summary.entity_pk_value AND review_summary.store_id = 1 AND review_summary.entity_type = (SELECT `review_entity`.`entity_id` FROM `review_entity` WHERE (entity_code = 'product'))
 LEFT JOIN `cataloginventory_stock_status` AS `stock_status_index` ON e.entity_id = stock_status_index.product_id WHERE (NULL)
2023-10-19T03:31:10+00:00 INFO (6): SELECT `e`.*, `price_index`.`price`, `price_index`.`tax_class_id`, `price_index`.`final_price`, IF(price_index.tier_price IS NOT NULL, LEAST(price_index.min_price, price_index.tier_price), price_index.min_price) AS `minimal_price`, `price_index`.`min_price`, `price_index`.`max_price`, `price_index`.`tier_price`, IFNULL(review_summary.reviews_count, 0) AS `reviews_count`, IFNULL(review_summary.rating_summary, 0) AS `rating_summary`, `stock_status_index`.`stock_status` AS `is_salable` FROM `catalog_product_entity` AS `e`
 INNER JOIN `catalog_product_index_price` AS `price_index` ON price_index.entity_id = e.entity_id AND price_index.customer_group_id = 0 AND price_index.website_id = '1'
 INNER JOIN `catalog_product_website` AS `product_website` ON product_website.product_id = e.entity_id AND product_website.website_id = 1
 LEFT JOIN `review_entity_summary` AS `review_summary` ON e.entity_id = review_summary.entity_pk_value AND review_summary.store_id = 1 AND review_summary.entity_type = (SELECT `review_entity`.`entity_id` FROM `review_entity` WHERE (entity_code = 'product'))
 LEFT JOIN `cataloginventory_stock_status` AS `stock_status_index` ON e.entity_id = stock_status_index.product_id WHERE (NULL)
